<component name="libraryTable">
  <library name="junit-platform-engine-1.5.2">
    <CLASSES>
      <root url="jar://$PROJECT_DIR$/D:/.m2/repository/org/junit/platform/junit-platform-engine/1.5.2/junit-platform-engine-1.5.2.jar!/" />
    </CLASSES>
    <JAVADOC />
    <SOURCES />
  </library>
</component>